{"name": "test_locked_out_user_shows_error[chromium]", "status": "failed", "statusDetails": {"message": "AssertionError: assert False\n +  where False = is_error_visible()\n +    where is_error_visible = <pages.login_page.LoginPage object at 0x00000263F5E82990>.is_error_visible", "trace": "page = <Page url='https://www.saucedemo.com/'>\nbase_url = 'https://www.saucedemo.com/'\n\n    @allure.feature(\"Login\")\n    def test_locked_out_user_shows_error(page, base_url):\n        lp = LoginPage(page, base_url)\n        lp.open()\n        lp.login(\"locked_out_user\", \"secret_sauce\")\n>       assert lp.is_error_visible()\nE       assert False\nE        +  where False = is_error_visible()\nE        +    where is_error_visible = <pages.login_page.LoginPage object at 0x00000263F5E82990>.is_error_visible\n\ntests\\test_login.py:30: AssertionError"}, "parameters": [{"name": "browser_name", "value": "'chromium'"}], "start": 1767869245775, "stop": 1767869247114, "uuid": "a27af46d-00eb-4b0b-9442-0e9654e11057", "historyId": "650a20dc049093b705342fbebfa1af56", "testCaseId": "a3cd8f37daf9c86d6d4b81d29b059fa5", "fullName": "tests.test_login#test_locked_out_user_shows_error", "labels": [{"name": "feature", "value": "Login"}, {"name": "parentSuite", "value": "tests"}, {"name": "suite", "value": "test_login"}, {"name": "host", "value": "sunshine"}, {"name": "thread", "value": "50636-MainThread"}, {"name": "framework", "value": "pytest"}, {"name": "language", "value": "cpython3"}, {"name": "package", "value": "tests.test_login"}], "titlePath": ["tests", "test_login.py"]}