{"name": "test_wrong_password_shows_error[chromium]", "status": "failed", "statusDetails": {"message": "AssertionError: assert False\n +  where False = is_error_visible()\n +    where is_error_visible = <pages.login_page.LoginPage object at 0x00000263F5B9E710>.is_error_visible", "trace": "page = <Page url='https://www.saucedemo.com/'>\nbase_url = 'https://www.saucedemo.com/'\n\n    @allure.feature(\"Login\")\n    def test_wrong_password_shows_error(page, base_url):\n        lp = LoginPage(page, base_url)\n        lp.open()\n        lp.login(\"standard_user\", \"wrong_password\")\n>       assert lp.is_error_visible()\nE       assert False\nE        +  where False = is_error_visible()\nE        +    where is_error_visible = <pages.login_page.LoginPage object at 0x00000263F5B9E710>.is_error_visible\n\ntests\\test_login.py:22: AssertionError"}, "parameters": [{"name": "browser_name", "value": "'chromium'"}], "start": 1767869244204, "stop": 1767869245531, "uuid": "43284fca-11ff-4759-9e7c-2d81c08c5588", "historyId": "ee593a878b1f6a5899e6a6f4a5d68a7e", "testCaseId": "5839bfc7370b84ab486abcf91b325d09", "fullName": "tests.test_login#test_wrong_password_shows_error", "labels": [{"name": "feature", "value": "Login"}, {"name": "parentSuite", "value": "tests"}, {"name": "suite", "value": "test_login"}, {"name": "host", "value": "sunshine"}, {"name": "thread", "value": "50636-MainThread"}, {"name": "framework", "value": "pytest"}, {"name": "language", "value": "cpython3"}, {"name": "package", "value": "tests.test_login"}], "titlePath": ["tests", "test_login.py"]}