{"name": "test_empty_fields_shows_error[chromium]", "status": "failed", "statusDetails": {"message": "AssertionError: assert False\n +  where False = is_error_visible()\n +    where is_error_visible = <pages.login_page.LoginPage object at 0x00000263F58CAC40>.is_error_visible", "trace": "page = <Page url='https://www.saucedemo.com/'>\nbase_url = 'https://www.saucedemo.com/'\n\n    @allure.feature(\"Login\")\n    def test_empty_fields_shows_error(page, base_url):\n        lp = LoginPage(page, base_url)\n        lp.open()\n        lp.login(None, None)\n>       assert lp.is_error_visible()\nE       assert False\nE        +  where False = is_error_visible()\nE        +    where is_error_visible = <pages.login_page.LoginPage object at 0x00000263F58CAC40>.is_error_visible\n\ntests\\test_login.py:38: AssertionError"}, "parameters": [{"name": "browser_name", "value": "'chromium'"}], "start": 1767869247403, "stop": 1767869249115, "uuid": "3e1d4aaa-d6c8-4d71-b078-7caa16e28168", "historyId": "12ee8e262569fb00a9c0222c848034d2", "testCaseId": "927eac72a54e3a59847d6860b6d7a66e", "fullName": "tests.test_login#test_empty_fields_shows_error", "labels": [{"name": "feature", "value": "Login"}, {"name": "parentSuite", "value": "tests"}, {"name": "suite", "value": "test_login"}, {"name": "host", "value": "sunshine"}, {"name": "thread", "value": "50636-MainThread"}, {"name": "framework", "value": "pytest"}, {"name": "language", "value": "cpython3"}, {"name": "package", "value": "tests.test_login"}], "titlePath": ["tests", "test_login.py"]}